2013/10/02 09:10:16 [error] [exception.CDbException] could not find driver
2013/10/02 09:10:16 [error] [exception.CDbException] exception 'CDbException' with message 'CDbConnection failed to open the DB connection.' in /var/www/yii/framework/db/CDbConnection.php:388
Stack trace:
#0 /var/www/yii/framework/db/CDbConnection.php(330): CDbConnection->open()
#1 /var/www/yii/framework/db/CDbConnection.php(308): CDbConnection->setActive(true)
#2 /var/www/yii/framework/base/CModule.php(387): CDbConnection->init()
#3 /var/www/yii/framework/base/CApplication.php(450): CModule->getComponent('db')
#4 /var/www/yii/framework/db/ar/CActiveRecord.php(634): CApplication->getDb()
#5 /var/www/yii/framework/db/ar/CActiveRecord.php(667): CActiveRecord->getDbConnection()
#6 /var/www/yii/framework/db/ar/CActiveRecord.php(1595): CActiveRecord->getCommandBuilder()
#7 /var/www/yii/framework/web/CActiveDataProvider.php(228): CActiveRecord->count(Object(CDbCriteria))
#8 /var/www/yii/framework/web/CDataProvider.php(224): CActiveDataProvider->calculateTotalItemCount()
#9 /var/www/yii/framework/web/CActiveDataProvider.php(178): CDataProvider->getTotalItemCount()
#10 /var/www/yii/framework/web/CDataProvider.php(168): CActiveDataProvider->fetchData()
#11 /var/www/yii/framework/zii/widgets/CBaseListView.php(111): CDataProvider->getData()
#12 /var/www/yii/framework/zii/widgets/CListView.php(211): CBaseListView->init()
#13 /var/www/yii/framework/web/CBaseController.php(147): CListView->init()
#14 /var/www/yii/framework/web/CBaseController.php(172): CBaseController->createWidget('zii.widgets.CLi...', Array)
#15 /var/www/yii/demos/blog/protected/views/post/index.php(9): CBaseController->widget('zii.widgets.CLi...', Array)
#16 /var/www/yii/framework/web/CBaseController.php(126): require('/var/www/yii/de...')
#17 /var/www/yii/framework/web/CBaseController.php(95): CBaseController->renderInternal('/var/www/yii/de...', Array, true)
#18 /var/www/yii/framework/web/CController.php(869): CBaseController->renderFile('/var/www/yii/de...', Array, true)
#19 /var/www/yii/framework/web/CController.php(782): CController->renderPartial('index', Array, true)
#20 /var/www/yii/demos/blog/protected/controllers/PostController.php(136): CController->render('index', Array)
#21 /var/www/yii/framework/web/actions/CInlineAction.php(49): PostController->actionIndex()
#22 /var/www/yii/framework/web/CController.php(308): CInlineAction->runWithParams(Array)
#23 /var/www/yii/framework/web/filters/CFilterChain.php(133): CController->runAction(Object(CInlineAction))
#24 /var/www/yii/framework/web/filters/CFilter.php(40): CFilterChain->run()
#25 /var/www/yii/framework/web/CController.php(1145): CFilter->filter(Object(CFilterChain))
#26 /var/www/yii/framework/web/filters/CInlineFilter.php(58): CController->filterAccessControl(Object(CFilterChain))
#27 /var/www/yii/framework/web/filters/CFilterChain.php(130): CInlineFilter->filter(Object(CFilterChain))
#28 /var/www/yii/framework/web/CController.php(291): CFilterChain->run()
#29 /var/www/yii/framework/web/CController.php(265): CController->runActionWithFilters(Object(CInlineAction), Array)
#30 /var/www/yii/framework/web/CWebApplication.php(282): CController->run('')
#31 /var/www/yii/framework/web/CWebApplication.php(141): CWebApplication->runController('')
#32 /var/www/yii/framework/base/CApplication.php(180): CWebApplication->processRequest()
#33 /var/www/yii/demos/blog/index.php(11): CApplication->run()
#34 {main}
REQUEST_URI=/yii/demos/blog/
---
2013/10/02 09:10:30 [error] [exception.CDbException] could not find driver
2013/10/02 09:10:30 [error] [exception.CDbException] exception 'CDbException' with message 'CDbConnection failed to open the DB connection.' in /var/www/yii/framework/db/CDbConnection.php:388
Stack trace:
#0 /var/www/yii/framework/db/CDbConnection.php(330): CDbConnection->open()
#1 /var/www/yii/framework/db/CDbConnection.php(308): CDbConnection->setActive(true)
#2 /var/www/yii/framework/base/CModule.php(387): CDbConnection->init()
#3 /var/www/yii/framework/base/CApplication.php(450): CModule->getComponent('db')
#4 /var/www/yii/framework/db/ar/CActiveRecord.php(634): CApplication->getDb()
#5 /var/www/yii/framework/db/ar/CActiveRecord.php(667): CActiveRecord->getDbConnection()
#6 /var/www/yii/framework/db/ar/CActiveRecord.php(1455): CActiveRecord->getCommandBuilder()
#7 /var/www/yii/demos/blog/protected/components/UserIdentity.php(18): CActiveRecord->find('LOWER(username)...', Array)
#8 /var/www/yii/demos/blog/protected/models/LoginForm.php(50): UserIdentity->authenticate()
#9 /var/www/yii/framework/validators/CInlineValidator.php(42): LoginForm->authenticate('password', Array)
#10 /var/www/yii/framework/validators/CValidator.php(213): CInlineValidator->validateAttribute(Object(LoginForm), 'password')
#11 /var/www/yii/framework/base/CModel.php(159): CValidator->validate(Object(LoginForm), NULL)
#12 /var/www/yii/framework/web/widgets/CActiveForm.php(920): CModel->validate(NULL)
#13 /var/www/yii/demos/blog/protected/controllers/SiteController.php(73): CActiveForm::validate(Object(LoginForm))
#14 /var/www/yii/framework/web/actions/CInlineAction.php(49): SiteController->actionLogin()
#15 /var/www/yii/framework/web/CController.php(308): CInlineAction->runWithParams(Array)
#16 /var/www/yii/framework/web/CController.php(286): CController->runAction(Object(CInlineAction))
#17 /var/www/yii/framework/web/CController.php(265): CController->runActionWithFilters(Object(CInlineAction), Array)
#18 /var/www/yii/framework/web/CWebApplication.php(282): CController->run('login')
#19 /var/www/yii/framework/web/CWebApplication.php(141): CWebApplication->runController('site/login')
#20 /var/www/yii/framework/base/CApplication.php(180): CWebApplication->processRequest()
#21 /var/www/yii/demos/blog/index.php(11): CApplication->run()
#22 {main}
REQUEST_URI=/yii/demos/blog/index.php/site/login
HTTP_REFERER=http://localhost/yii/demos/blog/index.php/site/login
---
2013/10/02 09:10:31 [error] [exception.CDbException] could not find driver
2013/10/02 09:10:31 [error] [exception.CDbException] exception 'CDbException' with message 'CDbConnection failed to open the DB connection.' in /var/www/yii/framework/db/CDbConnection.php:388
Stack trace:
#0 /var/www/yii/framework/db/CDbConnection.php(330): CDbConnection->open()
#1 /var/www/yii/framework/db/CDbConnection.php(308): CDbConnection->setActive(true)
#2 /var/www/yii/framework/base/CModule.php(387): CDbConnection->init()
#3 /var/www/yii/framework/base/CApplication.php(450): CModule->getComponent('db')
#4 /var/www/yii/framework/db/ar/CActiveRecord.php(634): CApplication->getDb()
#5 /var/www/yii/framework/db/ar/CActiveRecord.php(667): CActiveRecord->getDbConnection()
#6 /var/www/yii/framework/db/ar/CActiveRecord.php(1455): CActiveRecord->getCommandBuilder()
#7 /var/www/yii/demos/blog/protected/components/UserIdentity.php(18): CActiveRecord->find('LOWER(username)...', Array)
#8 /var/www/yii/demos/blog/protected/models/LoginForm.php(50): UserIdentity->authenticate()
#9 /var/www/yii/framework/validators/CInlineValidator.php(42): LoginForm->authenticate('password', Array)
#10 /var/www/yii/framework/validators/CValidator.php(213): CInlineValidator->validateAttribute(Object(LoginForm), 'password')
#11 /var/www/yii/framework/base/CModel.php(159): CValidator->validate(Object(LoginForm), NULL)
#12 /var/www/yii/demos/blog/protected/controllers/SiteController.php(82): CModel->validate()
#13 /var/www/yii/framework/web/actions/CInlineAction.php(49): SiteController->actionLogin()
#14 /var/www/yii/framework/web/CController.php(308): CInlineAction->runWithParams(Array)
#15 /var/www/yii/framework/web/CController.php(286): CController->runAction(Object(CInlineAction))
#16 /var/www/yii/framework/web/CController.php(265): CController->runActionWithFilters(Object(CInlineAction), Array)
#17 /var/www/yii/framework/web/CWebApplication.php(282): CController->run('login')
#18 /var/www/yii/framework/web/CWebApplication.php(141): CWebApplication->runController('site/login')
#19 /var/www/yii/framework/base/CApplication.php(180): CWebApplication->processRequest()
#20 /var/www/yii/demos/blog/index.php(11): CApplication->run()
#21 {main}
REQUEST_URI=/yii/demos/blog/index.php/site/login
HTTP_REFERER=http://localhost/yii/demos/blog/index.php/site/login
---
